2025-11-07 10:11:53,433 - VisionTradingV2 - INFO - Vision Trading V2.0 initialized
2025-11-07 10:11:53,433 - VisionTradingV2 - INFO - Trading mode: ANALYSIS ONLY
2025-11-07 10:11:53,433 - VisionTradingV2 - INFO - ======================================================================
2025-11-07 10:11:53,434 - VisionTradingV2 - INFO - VISION TRADING V2.0 - STARTING
2025-11-07 10:11:53,434 - VisionTradingV2 - INFO - ======================================================================
2025-11-07 10:11:53,434 - VisionTradingV2 - INFO - Capture interval: 2.0s
2025-11-07 10:11:53,434 - VisionTradingV2 - INFO - Min confidence: 75%
2025-11-07 10:11:53,435 - VisionTradingV2 - INFO - Trading: ANALYSIS ONLY
2025-11-07 10:11:53,435 - VisionTradingV2 - INFO - Duration: Unlimited (press Ctrl+C to stop)
2025-11-07 10:11:53,435 - VisionTradingV2 - INFO - ======================================================================
2025-11-07 10:11:53,921 - VisionTradingV2 - INFO - ======================================================================
2025-11-07 10:11:53,921 - VisionTradingV2 - INFO - HIGH CONFIDENCE SIGNAL DETECTED:
2025-11-07 10:11:53,921 - VisionTradingV2 - INFO -   Pattern: bullish_engulfing
2025-11-07 10:11:53,921 - VisionTradingV2 - INFO -   Direction: LONG
2025-11-07 10:11:53,922 - VisionTradingV2 - INFO -   Confidence: 85.8%
2025-11-07 10:11:53,922 - VisionTradingV2 - INFO -   Reason: Bullish engulfing (size ratio: 3.38)
2025-11-07 10:11:53,922 - VisionTradingV2 - INFO - ======================================================================
2025-11-07 10:12:54,831 - VisionTradingV2 - INFO - ======================================================================
2025-11-07 10:12:54,831 - VisionTradingV2 - INFO - HIGH CONFIDENCE SIGNAL DETECTED:
2025-11-07 10:12:54,832 - VisionTradingV2 - INFO -   Pattern: bullish_engulfing
2025-11-07 10:12:54,832 - VisionTradingV2 - INFO -   Direction: LONG
2025-11-07 10:12:54,832 - VisionTradingV2 - INFO -   Confidence: 87.1%
2025-11-07 10:12:54,833 - VisionTradingV2 - INFO -   Reason: Bullish engulfing (size ratio: 3.51)
2025-11-07 10:12:54,833 - VisionTradingV2 - INFO - ======================================================================
2025-11-07 10:13:56,101 - VisionTradingV2 - INFO - ======================================================================
2025-11-07 10:13:56,101 - VisionTradingV2 - INFO - HIGH CONFIDENCE SIGNAL DETECTED:
2025-11-07 10:13:56,101 - VisionTradingV2 - INFO -   Pattern: bullish_engulfing
2025-11-07 10:13:56,101 - VisionTradingV2 - INFO -   Direction: LONG
2025-11-07 10:13:56,102 - VisionTradingV2 - INFO -   Confidence: 87.1%
2025-11-07 10:13:56,102 - VisionTradingV2 - INFO -   Reason: Bullish engulfing (size ratio: 3.51)
2025-11-07 10:13:56,102 - VisionTradingV2 - INFO - ======================================================================
2025-11-07 10:14:57,289 - VisionTradingV2 - INFO - ======================================================================
2025-11-07 10:14:57,290 - VisionTradingV2 - INFO - HIGH CONFIDENCE SIGNAL DETECTED:
2025-11-07 10:14:57,290 - VisionTradingV2 - INFO -   Pattern: bullish_engulfing
2025-11-07 10:14:57,290 - VisionTradingV2 - INFO -   Direction: LONG
2025-11-07 10:14:57,290 - VisionTradingV2 - INFO -   Confidence: 87.1%
2025-11-07 10:14:57,290 - VisionTradingV2 - INFO -   Reason: Bullish engulfing (size ratio: 3.51)
2025-11-07 10:14:57,291 - VisionTradingV2 - INFO - ======================================================================
2025-11-07 10:15:58,126 - VisionTradingV2 - INFO - ======================================================================
2025-11-07 10:15:58,126 - VisionTradingV2 - INFO - HIGH CONFIDENCE SIGNAL DETECTED:
2025-11-07 10:15:58,127 - VisionTradingV2 - INFO -   Pattern: bullish_engulfing
2025-11-07 10:15:58,127 - VisionTradingV2 - INFO -   Direction: LONG
2025-11-07 10:15:58,127 - VisionTradingV2 - INFO -   Confidence: 87.1%
2025-11-07 10:15:58,127 - VisionTradingV2 - INFO -   Reason: Bullish engulfing (size ratio: 3.51)
2025-11-07 10:15:58,127 - VisionTradingV2 - INFO - ======================================================================
2025-11-07 10:16:59,973 - VisionTradingV2 - INFO - ======================================================================
2025-11-07 10:16:59,973 - VisionTradingV2 - INFO - HIGH CONFIDENCE SIGNAL DETECTED:
2025-11-07 10:16:59,974 - VisionTradingV2 - INFO -   Pattern: bullish_engulfing
2025-11-07 10:16:59,974 - VisionTradingV2 - INFO -   Direction: LONG
2025-11-07 10:16:59,974 - VisionTradingV2 - INFO -   Confidence: 87.1%
2025-11-07 10:16:59,974 - VisionTradingV2 - INFO -   Reason: Bullish engulfing (size ratio: 3.51)
2025-11-07 10:16:59,975 - VisionTradingV2 - INFO - ======================================================================
2025-11-07 10:18:01,461 - VisionTradingV2 - INFO - ======================================================================
2025-11-07 10:18:01,461 - VisionTradingV2 - INFO - HIGH CONFIDENCE SIGNAL DETECTED:
2025-11-07 10:18:01,462 - VisionTradingV2 - INFO -   Pattern: bullish_engulfing
2025-11-07 10:18:01,462 - VisionTradingV2 - INFO -   Direction: LONG
2025-11-07 10:18:01,462 - VisionTradingV2 - INFO -   Confidence: 87.1%
2025-11-07 10:18:01,462 - VisionTradingV2 - INFO -   Reason: Bullish engulfing (size ratio: 3.51)
2025-11-07 10:18:01,462 - VisionTradingV2 - INFO - ======================================================================
2025-11-07 10:19:02,528 - VisionTradingV2 - INFO - ======================================================================
2025-11-07 10:19:02,528 - VisionTradingV2 - INFO - HIGH CONFIDENCE SIGNAL DETECTED:
2025-11-07 10:19:02,528 - VisionTradingV2 - INFO -   Pattern: bullish_engulfing
2025-11-07 10:19:02,528 - VisionTradingV2 - INFO -   Direction: LONG
2025-11-07 10:19:02,529 - VisionTradingV2 - INFO -   Confidence: 87.1%
2025-11-07 10:19:02,529 - VisionTradingV2 - INFO -   Reason: Bullish engulfing (size ratio: 3.51)
2025-11-07 10:19:02,529 - VisionTradingV2 - INFO - ======================================================================
2025-11-07 10:20:03,868 - VisionTradingV2 - INFO - ======================================================================
2025-11-07 10:20:03,869 - VisionTradingV2 - INFO - HIGH CONFIDENCE SIGNAL DETECTED:
2025-11-07 10:20:03,869 - VisionTradingV2 - INFO -   Pattern: bullish_engulfing
2025-11-07 10:20:03,869 - VisionTradingV2 - INFO -   Direction: LONG
2025-11-07 10:20:03,870 - VisionTradingV2 - INFO -   Confidence: 87.1%
2025-11-07 10:20:03,870 - VisionTradingV2 - INFO -   Reason: Bullish engulfing (size ratio: 3.51)
2025-11-07 10:20:03,870 - VisionTradingV2 - INFO - ======================================================================
2025-11-07 10:21:05,984 - VisionTradingV2 - INFO - ======================================================================
2025-11-07 10:21:05,985 - VisionTradingV2 - INFO - HIGH CONFIDENCE SIGNAL DETECTED:
2025-11-07 10:21:05,985 - VisionTradingV2 - INFO -   Pattern: bullish_engulfing
2025-11-07 10:21:05,985 - VisionTradingV2 - INFO -   Direction: LONG
2025-11-07 10:21:05,986 - VisionTradingV2 - INFO -   Confidence: 87.1%
2025-11-07 10:21:05,986 - VisionTradingV2 - INFO -   Reason: Bullish engulfing (size ratio: 3.51)
2025-11-07 10:21:05,986 - VisionTradingV2 - INFO - ======================================================================
2025-11-07 10:22:08,225 - VisionTradingV2 - INFO - ======================================================================
2025-11-07 10:22:08,226 - VisionTradingV2 - INFO - HIGH CONFIDENCE SIGNAL DETECTED:
2025-11-07 10:22:08,226 - VisionTradingV2 - INFO -   Pattern: bullish_engulfing
2025-11-07 10:22:08,226 - VisionTradingV2 - INFO -   Direction: LONG
2025-11-07 10:22:08,227 - VisionTradingV2 - INFO -   Confidence: 87.1%
2025-11-07 10:22:08,227 - VisionTradingV2 - INFO -   Reason: Bullish engulfing (size ratio: 3.51)
2025-11-07 10:22:08,227 - VisionTradingV2 - INFO - ======================================================================
2025-11-07 10:23:10,429 - VisionTradingV2 - INFO - ======================================================================
2025-11-07 10:23:10,429 - VisionTradingV2 - INFO - HIGH CONFIDENCE SIGNAL DETECTED:
2025-11-07 10:23:10,429 - VisionTradingV2 - INFO -   Pattern: bullish_engulfing
2025-11-07 10:23:10,430 - VisionTradingV2 - INFO -   Direction: LONG
2025-11-07 10:23:10,430 - VisionTradingV2 - INFO -   Confidence: 87.1%
2025-11-07 10:23:10,430 - VisionTradingV2 - INFO -   Reason: Bullish engulfing (size ratio: 3.51)
2025-11-07 10:23:10,430 - VisionTradingV2 - INFO - ======================================================================
2025-11-07 10:24:12,519 - VisionTradingV2 - INFO - ======================================================================
2025-11-07 10:24:12,519 - VisionTradingV2 - INFO - HIGH CONFIDENCE SIGNAL DETECTED:
2025-11-07 10:24:12,520 - VisionTradingV2 - INFO -   Pattern: bullish_engulfing
2025-11-07 10:24:12,520 - VisionTradingV2 - INFO -   Direction: LONG
2025-11-07 10:24:12,520 - VisionTradingV2 - INFO -   Confidence: 87.1%
2025-11-07 10:24:12,520 - VisionTradingV2 - INFO -   Reason: Bullish engulfing (size ratio: 3.51)
2025-11-07 10:24:12,521 - VisionTradingV2 - INFO - ======================================================================
2025-11-07 10:25:14,278 - VisionTradingV2 - INFO - ======================================================================
2025-11-07 10:25:14,278 - VisionTradingV2 - INFO - HIGH CONFIDENCE SIGNAL DETECTED:
2025-11-07 10:25:14,279 - VisionTradingV2 - INFO -   Pattern: bullish_engulfing
2025-11-07 10:25:14,279 - VisionTradingV2 - INFO -   Direction: LONG
2025-11-07 10:25:14,279 - VisionTradingV2 - INFO -   Confidence: 87.1%
2025-11-07 10:25:14,279 - VisionTradingV2 - INFO -   Reason: Bullish engulfing (size ratio: 3.51)
2025-11-07 10:25:14,280 - VisionTradingV2 - INFO - ======================================================================
2025-11-07 10:26:15,964 - VisionTradingV2 - INFO - ======================================================================
2025-11-07 10:26:15,964 - VisionTradingV2 - INFO - HIGH CONFIDENCE SIGNAL DETECTED:
2025-11-07 10:26:15,965 - VisionTradingV2 - INFO -   Pattern: bullish_engulfing
2025-11-07 10:26:15,965 - VisionTradingV2 - INFO -   Direction: LONG
2025-11-07 10:26:15,965 - VisionTradingV2 - INFO -   Confidence: 87.1%
2025-11-07 10:26:15,965 - VisionTradingV2 - INFO -   Reason: Bullish engulfing (size ratio: 3.51)
2025-11-07 10:26:15,965 - VisionTradingV2 - INFO - ======================================================================
2025-11-07 10:27:17,758 - VisionTradingV2 - INFO - ======================================================================
2025-11-07 10:27:17,759 - VisionTradingV2 - INFO - HIGH CONFIDENCE SIGNAL DETECTED:
2025-11-07 10:27:17,759 - VisionTradingV2 - INFO -   Pattern: bullish_engulfing
2025-11-07 10:27:17,759 - VisionTradingV2 - INFO -   Direction: LONG
2025-11-07 10:27:17,759 - VisionTradingV2 - INFO -   Confidence: 87.1%
2025-11-07 10:27:17,759 - VisionTradingV2 - INFO -   Reason: Bullish engulfing (size ratio: 3.51)
2025-11-07 10:27:17,759 - VisionTradingV2 - INFO - ======================================================================
2025-11-07 10:28:19,814 - VisionTradingV2 - INFO - ======================================================================
2025-11-07 10:28:19,815 - VisionTradingV2 - INFO - HIGH CONFIDENCE SIGNAL DETECTED:
2025-11-07 10:28:19,815 - VisionTradingV2 - INFO -   Pattern: bullish_engulfing
2025-11-07 10:28:19,815 - VisionTradingV2 - INFO -   Direction: LONG
2025-11-07 10:28:19,815 - VisionTradingV2 - INFO -   Confidence: 87.1%
2025-11-07 10:28:19,815 - VisionTradingV2 - INFO -   Reason: Bullish engulfing (size ratio: 3.51)
2025-11-07 10:28:19,815 - VisionTradingV2 - INFO - ======================================================================
2025-11-07 10:29:20,008 - VisionTradingV2 - INFO - ======================================================================
2025-11-07 10:29:20,008 - VisionTradingV2 - INFO - HIGH CONFIDENCE SIGNAL DETECTED:
2025-11-07 10:29:20,008 - VisionTradingV2 - INFO -   Pattern: bullish_engulfing
2025-11-07 10:29:20,009 - VisionTradingV2 - INFO -   Direction: LONG
2025-11-07 10:29:20,009 - VisionTradingV2 - INFO -   Confidence: 87.1%
2025-11-07 10:29:20,009 - VisionTradingV2 - INFO -   Reason: Bullish engulfing (size ratio: 3.51)
2025-11-07 10:29:20,009 - VisionTradingV2 - INFO - ======================================================================
2025-11-07 10:30:21,605 - VisionTradingV2 - INFO - ======================================================================
2025-11-07 10:30:21,605 - VisionTradingV2 - INFO - HIGH CONFIDENCE SIGNAL DETECTED:
2025-11-07 10:30:21,606 - VisionTradingV2 - INFO -   Pattern: bullish_engulfing
2025-11-07 10:30:21,606 - VisionTradingV2 - INFO -   Direction: LONG
2025-11-07 10:30:21,606 - VisionTradingV2 - INFO -   Confidence: 87.1%
2025-11-07 10:30:21,606 - VisionTradingV2 - INFO -   Reason: Bullish engulfing (size ratio: 3.51)
2025-11-07 10:30:21,606 - VisionTradingV2 - INFO - ======================================================================
2025-11-07 10:31:23,371 - VisionTradingV2 - INFO - ======================================================================
2025-11-07 10:31:23,371 - VisionTradingV2 - INFO - HIGH CONFIDENCE SIGNAL DETECTED:
2025-11-07 10:31:23,371 - VisionTradingV2 - INFO -   Pattern: bullish_engulfing
2025-11-07 10:31:23,372 - VisionTradingV2 - INFO -   Direction: LONG
2025-11-07 10:31:23,372 - VisionTradingV2 - INFO -   Confidence: 87.1%
2025-11-07 10:31:23,372 - VisionTradingV2 - INFO -   Reason: Bullish engulfing (size ratio: 3.51)
2025-11-07 10:31:23,373 - VisionTradingV2 - INFO - ======================================================================
2025-11-07 10:32:25,248 - VisionTradingV2 - INFO - ======================================================================
2025-11-07 10:32:25,248 - VisionTradingV2 - INFO - HIGH CONFIDENCE SIGNAL DETECTED:
2025-11-07 10:32:25,249 - VisionTradingV2 - INFO -   Pattern: bullish_engulfing
2025-11-07 10:32:25,249 - VisionTradingV2 - INFO -   Direction: LONG
2025-11-07 10:32:25,249 - VisionTradingV2 - INFO -   Confidence: 87.1%
2025-11-07 10:32:25,249 - VisionTradingV2 - INFO -   Reason: Bullish engulfing (size ratio: 3.51)
2025-11-07 10:32:25,249 - VisionTradingV2 - INFO - ======================================================================
2025-11-07 10:33:27,328 - VisionTradingV2 - INFO - ======================================================================
2025-11-07 10:33:27,328 - VisionTradingV2 - INFO - HIGH CONFIDENCE SIGNAL DETECTED:
2025-11-07 10:33:27,328 - VisionTradingV2 - INFO -   Pattern: bullish_engulfing
2025-11-07 10:33:27,329 - VisionTradingV2 - INFO -   Direction: LONG
2025-11-07 10:33:27,329 - VisionTradingV2 - INFO -   Confidence: 86.9%
2025-11-07 10:33:27,329 - VisionTradingV2 - INFO -   Reason: Bullish engulfing (size ratio: 3.49)
2025-11-07 10:33:27,329 - VisionTradingV2 - INFO - ======================================================================
2025-11-07 10:34:29,305 - VisionTradingV2 - INFO - ======================================================================
2025-11-07 10:34:29,305 - VisionTradingV2 - INFO - HIGH CONFIDENCE SIGNAL DETECTED:
2025-11-07 10:34:29,306 - VisionTradingV2 - INFO -   Pattern: bullish_engulfing
2025-11-07 10:34:29,306 - VisionTradingV2 - INFO -   Direction: LONG
2025-11-07 10:34:29,306 - VisionTradingV2 - INFO -   Confidence: 87.1%
2025-11-07 10:34:29,306 - VisionTradingV2 - INFO -   Reason: Bullish engulfing (size ratio: 3.51)
2025-11-07 10:34:29,306 - VisionTradingV2 - INFO - ======================================================================
2025-11-07 10:35:31,207 - VisionTradingV2 - INFO - ======================================================================
2025-11-07 10:35:31,208 - VisionTradingV2 - INFO - HIGH CONFIDENCE SIGNAL DETECTED:
2025-11-07 10:35:31,208 - VisionTradingV2 - INFO -   Pattern: bullish_engulfing
2025-11-07 10:35:31,208 - VisionTradingV2 - INFO -   Direction: LONG
2025-11-07 10:35:31,209 - VisionTradingV2 - INFO -   Confidence: 87.1%
2025-11-07 10:35:31,209 - VisionTradingV2 - INFO -   Reason: Bullish engulfing (size ratio: 3.51)
2025-11-07 10:35:31,209 - VisionTradingV2 - INFO - ======================================================================
2025-11-07 10:36:31,231 - VisionTradingV2 - INFO - ======================================================================
2025-11-07 10:36:31,232 - VisionTradingV2 - INFO - HIGH CONFIDENCE SIGNAL DETECTED:
2025-11-07 10:36:31,232 - VisionTradingV2 - INFO -   Pattern: bullish_engulfing
2025-11-07 10:36:31,232 - VisionTradingV2 - INFO -   Direction: LONG
2025-11-07 10:36:31,232 - VisionTradingV2 - INFO -   Confidence: 86.9%
2025-11-07 10:36:31,232 - VisionTradingV2 - INFO -   Reason: Bullish engulfing (size ratio: 3.49)
2025-11-07 10:36:31,233 - VisionTradingV2 - INFO - ======================================================================
2025-11-07 10:37:33,004 - VisionTradingV2 - INFO - ======================================================================
2025-11-07 10:37:33,004 - VisionTradingV2 - INFO - HIGH CONFIDENCE SIGNAL DETECTED:
2025-11-07 10:37:33,004 - VisionTradingV2 - INFO -   Pattern: bullish_engulfing
2025-11-07 10:37:33,004 - VisionTradingV2 - INFO -   Direction: LONG
2025-11-07 10:37:33,005 - VisionTradingV2 - INFO -   Confidence: 87.1%
2025-11-07 10:37:33,005 - VisionTradingV2 - INFO -   Reason: Bullish engulfing (size ratio: 3.51)
2025-11-07 10:37:33,005 - VisionTradingV2 - INFO - ======================================================================
2025-11-07 10:38:34,691 - VisionTradingV2 - INFO - ======================================================================
2025-11-07 10:38:34,692 - VisionTradingV2 - INFO - HIGH CONFIDENCE SIGNAL DETECTED:
2025-11-07 10:38:34,692 - VisionTradingV2 - INFO -   Pattern: bullish_engulfing
2025-11-07 10:38:34,692 - VisionTradingV2 - INFO -   Direction: LONG
2025-11-07 10:38:34,693 - VisionTradingV2 - INFO -   Confidence: 87.1%
2025-11-07 10:38:34,693 - VisionTradingV2 - INFO -   Reason: Bullish engulfing (size ratio: 3.51)
2025-11-07 10:38:34,693 - VisionTradingV2 - INFO - ======================================================================
2025-11-07 10:39:36,578 - VisionTradingV2 - INFO - ======================================================================
2025-11-07 10:39:36,579 - VisionTradingV2 - INFO - HIGH CONFIDENCE SIGNAL DETECTED:
2025-11-07 10:39:36,579 - VisionTradingV2 - INFO -   Pattern: bullish_engulfing
2025-11-07 10:39:36,579 - VisionTradingV2 - INFO -   Direction: LONG
2025-11-07 10:39:36,579 - VisionTradingV2 - INFO -   Confidence: 87.1%
2025-11-07 10:39:36,580 - VisionTradingV2 - INFO -   Reason: Bullish engulfing (size ratio: 3.51)
2025-11-07 10:39:36,580 - VisionTradingV2 - INFO - ======================================================================
2025-11-07 10:40:38,300 - VisionTradingV2 - INFO - ======================================================================
2025-11-07 10:40:38,300 - VisionTradingV2 - INFO - HIGH CONFIDENCE SIGNAL DETECTED:
2025-11-07 10:40:38,300 - VisionTradingV2 - INFO -   Pattern: bullish_engulfing
2025-11-07 10:40:38,300 - VisionTradingV2 - INFO -   Direction: LONG
2025-11-07 10:40:38,300 - VisionTradingV2 - INFO -   Confidence: 87.1%
2025-11-07 10:40:38,300 - VisionTradingV2 - INFO -   Reason: Bullish engulfing (size ratio: 3.51)
2025-11-07 10:40:38,301 - VisionTradingV2 - INFO - ======================================================================
2025-11-07 10:41:40,063 - VisionTradingV2 - INFO - ======================================================================
2025-11-07 10:41:40,064 - VisionTradingV2 - INFO - HIGH CONFIDENCE SIGNAL DETECTED:
2025-11-07 10:41:40,064 - VisionTradingV2 - INFO -   Pattern: bullish_engulfing
2025-11-07 10:41:40,064 - VisionTradingV2 - INFO -   Direction: LONG
2025-11-07 10:41:40,064 - VisionTradingV2 - INFO -   Confidence: 87.1%
2025-11-07 10:41:40,065 - VisionTradingV2 - INFO -   Reason: Bullish engulfing (size ratio: 3.51)
2025-11-07 10:41:40,065 - VisionTradingV2 - INFO - ======================================================================
2025-11-07 10:42:41,844 - VisionTradingV2 - INFO - ======================================================================
2025-11-07 10:42:41,844 - VisionTradingV2 - INFO - HIGH CONFIDENCE SIGNAL DETECTED:
2025-11-07 10:42:41,844 - VisionTradingV2 - INFO -   Pattern: bullish_engulfing
2025-11-07 10:42:41,845 - VisionTradingV2 - INFO -   Direction: LONG
2025-11-07 10:42:41,845 - VisionTradingV2 - INFO -   Confidence: 87.1%
2025-11-07 10:42:41,845 - VisionTradingV2 - INFO -   Reason: Bullish engulfing (size ratio: 3.51)
2025-11-07 10:42:41,845 - VisionTradingV2 - INFO - ======================================================================
2025-11-07 10:43:43,575 - VisionTradingV2 - INFO - ======================================================================
2025-11-07 10:43:43,575 - VisionTradingV2 - INFO - HIGH CONFIDENCE SIGNAL DETECTED:
2025-11-07 10:43:43,575 - VisionTradingV2 - INFO -   Pattern: bullish_engulfing
2025-11-07 10:43:43,575 - VisionTradingV2 - INFO -   Direction: LONG
2025-11-07 10:43:43,576 - VisionTradingV2 - INFO -   Confidence: 87.1%
2025-11-07 10:43:43,576 - VisionTradingV2 - INFO -   Reason: Bullish engulfing (size ratio: 3.51)
2025-11-07 10:43:43,576 - VisionTradingV2 - INFO - ======================================================================
2025-11-07 10:48:55,521 - VisionTradingV2 - INFO - Vision Trading V2.0 initialized
2025-11-07 10:48:55,521 - VisionTradingV2 - INFO - Trading mode: ANALYSIS ONLY
2025-11-07 10:48:55,521 - VisionTradingV2 - INFO - ======================================================================
2025-11-07 10:48:55,522 - VisionTradingV2 - INFO - VISION TRADING V2.0 - STARTING
2025-11-07 10:48:55,522 - VisionTradingV2 - INFO - ======================================================================
2025-11-07 10:48:55,522 - VisionTradingV2 - INFO - Capture interval: 2.0s
2025-11-07 10:48:55,522 - VisionTradingV2 - INFO - Min confidence: 75%
2025-11-07 10:48:55,522 - VisionTradingV2 - INFO - Trading: ANALYSIS ONLY
2025-11-07 10:48:55,522 - VisionTradingV2 - INFO - Duration: Unlimited (press Ctrl+C to stop)
2025-11-07 10:48:55,523 - VisionTradingV2 - INFO - ======================================================================
